<?xml version="1.0" encoding="UTF-8"?>
<testng-results skipped="0" failed="0" ignored="0" total="4" passed="4">
  <reporter-output>
  </reporter-output>
  <suite name="Free CRM Test Automation Suite" duration-ms="32261" started-at="2019-07-07T18:14:14Z" finished-at="2019-07-07T18:14:46Z">
    <groups>
    </groups>
    <test name="Free CRM App Test Cases" duration-ms="32261" started-at="2019-07-07T18:14:14Z" finished-at="2019-07-07T18:14:46Z">
      <class name="FunctionalTests.LoginTest">
        <test-method status="PASS" signature="setUp()[pri:0, instance:FunctionalTests.LoginTest@62ee68d8]" name="setUp" is-config="true" duration-ms="6912" started-at="2019-07-07T18:14:14Z" finished-at="2019-07-07T18:14:21Z">
          <reporter-output>
          </reporter-output>
        </test-method> <!-- setUp -->
        <test-method status="PASS" signature="loginPageTitleTest()[pri:1, instance:FunctionalTests.LoginTest@62ee68d8]" name="loginPageTitleTest" duration-ms="16" started-at="2019-07-07T18:14:21Z" finished-at="2019-07-07T18:14:21Z">
          <reporter-output>
          </reporter-output>
        </test-method> <!-- loginPageTitleTest -->
        <test-method status="PASS" signature="tearDown()[pri:0, instance:FunctionalTests.LoginTest@62ee68d8]" name="tearDown" is-config="true" duration-ms="1132" started-at="2019-07-07T18:14:21Z" finished-at="2019-07-07T18:14:22Z">
          <reporter-output>
          </reporter-output>
        </test-method> <!-- tearDown -->
        <test-method status="PASS" signature="setUp()[pri:0, instance:FunctionalTests.LoginTest@62ee68d8]" name="setUp" is-config="true" duration-ms="5296" started-at="2019-07-07T18:14:30Z" finished-at="2019-07-07T18:14:36Z">
          <reporter-output>
          </reporter-output>
        </test-method> <!-- setUp -->
        <test-method status="PASS" signature="freeCrmLoginTest()[pri:2, instance:FunctionalTests.LoginTest@62ee68d8]" name="freeCrmLoginTest" duration-ms="519" started-at="2019-07-07T18:14:36Z" finished-at="2019-07-07T18:14:36Z">
          <reporter-output>
          </reporter-output>
        </test-method> <!-- freeCrmLoginTest -->
        <test-method status="PASS" signature="tearDown()[pri:0, instance:FunctionalTests.LoginTest@62ee68d8]" name="tearDown" is-config="true" duration-ms="772" started-at="2019-07-07T18:14:36Z" finished-at="2019-07-07T18:14:37Z">
          <reporter-output>
          </reporter-output>
        </test-method> <!-- tearDown -->
      </class> <!-- FunctionalTests.LoginTest -->
      <class name="FunctionalTests.HomePageTest">
        <test-method status="PASS" signature="setUp()[pri:0, instance:FunctionalTests.HomePageTest@735b5592]" name="setUp" is-config="true" duration-ms="6983" started-at="2019-07-07T18:14:22Z" finished-at="2019-07-07T18:14:29Z">
          <reporter-output>
          </reporter-output>
        </test-method> <!-- setUp -->
        <test-method status="PASS" signature="verifyHomePageTitleTest()[pri:1, instance:FunctionalTests.HomePageTest@735b5592]" name="verifyHomePageTitleTest" duration-ms="519" started-at="2019-07-07T18:14:29Z" finished-at="2019-07-07T18:14:29Z">
          <reporter-output>
          </reporter-output>
        </test-method> <!-- verifyHomePageTitleTest -->
        <test-method status="PASS" signature="tearDown()[pri:0, instance:FunctionalTests.HomePageTest@735b5592]" name="tearDown" is-config="true" duration-ms="961" started-at="2019-07-07T18:14:29Z" finished-at="2019-07-07T18:14:30Z">
          <reporter-output>
          </reporter-output>
        </test-method> <!-- tearDown -->
        <test-method status="PASS" signature="setUp()[pri:0, instance:FunctionalTests.HomePageTest@735b5592]" name="setUp" is-config="true" duration-ms="6880" started-at="2019-07-07T18:14:37Z" finished-at="2019-07-07T18:14:44Z">
          <reporter-output>
          </reporter-output>
        </test-method> <!-- setUp -->
        <test-method status="PASS" signature="verifyContactInformationPageTest()[pri:2, instance:FunctionalTests.HomePageTest@735b5592]" name="verifyContactInformationPageTest" duration-ms="1351" started-at="2019-07-07T18:14:44Z" finished-at="2019-07-07T18:14:45Z">
          <reporter-output>
          </reporter-output>
        </test-method> <!-- verifyContactInformationPageTest -->
        <test-method status="PASS" signature="tearDown()[pri:0, instance:FunctionalTests.HomePageTest@735b5592]" name="tearDown" is-config="true" duration-ms="882" started-at="2019-07-07T18:14:45Z" finished-at="2019-07-07T18:14:46Z">
          <reporter-output>
          </reporter-output>
        </test-method> <!-- tearDown -->
      </class> <!-- FunctionalTests.HomePageTest -->
    </test> <!-- Free CRM App Test Cases -->
  </suite> <!-- Free CRM Test Automation Suite -->
</testng-results>
