<?xml version="1.0" encoding="UTF-8"?>
<!-- Generated by org.testng.reporters.JUnitXMLReporter -->
<testsuite hostname="Raghav-ANKIV001" ignored="0" name="Free CRM App Test Cases" tests="4" failures="0" timestamp="07 Jul 2019 18:14:46 GMT" time="32.261" errors="0">
  <testcase name="loginPageTitleTest" time="0.016" classname="FunctionalTests.LoginTest"/>
  <testcase name="verifyHomePageTitleTest" time="0.519" classname="FunctionalTests.HomePageTest"/>
  <testcase name="freeCrmLoginTest" time="0.519" classname="FunctionalTests.LoginTest"/>
  <testcase name="verifyContactInformationPageTest" time="1.351" classname="FunctionalTests.HomePageTest"/>
</testsuite> <!-- Free CRM App Test Cases -->
